<?xml version="1.0" encoding="UTF-8"?>
<!-- Generated by org.testng.reporters.JUnitReportReporter -->
<testsuite hostname="AIPL-LT-1142" failures="0" tests="1" name="com.altimetrik.selenium.assessment.TC002" time="3.921" errors="0" timestamp="2020-02-06T13:19:05 IST" skipped="0">
  <testcase classname="com.altimetrik.selenium.assessment.TC002" name="testcase002" time="3.921"/>
  <system-out/>
</testsuite> <!-- com.altimetrik.selenium.assessment.TC002 -->
