<?xml version="1.0" encoding="UTF-8"?>
<!-- Generated by org.testng.reporters.JUnitReportReporter -->
<testsuite hostname="AIPL-LT-1142" failures="0" tests="1" name="com.altimetrik.selenium.assessment.TC003" time="4.370" errors="0" timestamp="2020-02-06T18:02:04 IST" skipped="0">
  <testcase classname="com.altimetrik.selenium.assessment.TC003" name="testcase003" time="4.370"/>
  <system-out/>
</testsuite> <!-- com.altimetrik.selenium.assessment.TC003 -->
